Построение начато 08.06.2017 14:04:35.
     1>Проект "E:\C++\Fractal 2k17\FractalCount\FractalCount\FractalCount\FractalCount.vcxproj" в узле 2 (целевые объекты build).
     1>InitializeBuildStatus:
         Создание "Release\FractalCount.unsuccessfulbuild", так как было задано "AlwaysCreate".
       GenerateTargetFrameworkMonikerAttribute:
       Целевой объект "GenerateTargetFrameworkMonikerAttribute" пропускается, так как все выходные файлы актуальны по отношению к входным.
       ClCompile:
         Для всех выходных данных обновления не требуется.
         C:\Program Files (x86)\Microsoft Visual Studio 10.0\VC\bin\CL.exe /c /AI"C:\Program Files (x86)\Reference Assemblies\Microsoft\Framework\.NETFramework\v4.0" /Zi /clr:pure /nologo /W3 /WX- /O2 /Oy- /D WIN32 /D NDEBUG /D _UNICODE /D UNICODE /EHa /MD /GS /fp:precise /Zc:wchar_t /Zc:forScope /Yu"StdAfx.h" /Fp"Release\FractalCount.pch" /Fo"Release\\" /Fd"Release\vc100.pdb" /TP /FU"C:\Program Files (x86)\Reference Assemblies\Microsoft\Framework\.NETFramework\v4.0\System.Core.dll" /FU"C:\Program Files (x86)\Reference Assemblies\Microsoft\Framework\.NETFramework\v4.0\System.Data.dll" /FU"C:\Program Files (x86)\Reference Assemblies\Microsoft\Framework\.NETFramework\v4.0\System.dll" /FU"C:\Program Files (x86)\Reference Assemblies\Microsoft\Framework\.NETFramework\v4.0\System.Drawing.dll" /FU"C:\Program Files (x86)\Reference Assemblies\Microsoft\Framework\.NETFramework\v4.0\System.Windows.Forms.dll" /FU"C:\Program Files (x86)\Reference Assemblies\Microsoft\Framework\.NETFramework\v4.0\System.Xml.dll" /analyze- /errorReport:prompt FractalCount.cpp /clr:nostdlib 
         FractalCount.cpp
     1>e:\c++\fractal 2k17\fractalcount\fractalcount\fractalcount\Form1.h(226): warning C4018: <: несоответствие типов со знаком и без знака
     1>e:\c++\fractal 2k17\fractalcount\fractalcount\fractalcount\Form1.h(289): warning C4018: <: несоответствие типов со знаком и без знака
     1>e:\c++\fractal 2k17\fractalcount\fractalcount\fractalcount\Form1.h(291): warning C4018: <: несоответствие типов со знаком и без знака
         Для всех выходных данных обновления не требуется.
       CoreResGen:
         Отсутствуют ресурсы, устаревшие по отношению к файлам своих источников. Пропуск формирования ресурсов.
       ResourceCompile:
         Для всех выходных данных обновления не требуется.
       Link:
         C:\Program Files (x86)\Microsoft Visual Studio 10.0\VC\bin\link.exe /ERRORREPORT:PROMPT /OUT:"E:\C++\Fractal 2k17\FractalCount\FractalCount\Release\FractalCount.exe" /INCREMENTAL:NO /NOLOGO /ASSEMBLYRESOURCE:Release\FractalCount.Form1.resources /MANIFEST /ManifestFile:"Release\FractalCount.exe.intermediate.manifest" /MANIFESTUAC:"level='asInvoker' uiAccess='false'" /DEBUG /PDB:"E:\C++\Fractal 2k17\FractalCount\FractalCount\Release\FractalCount.pdb" /SUBSYSTEM:WINDOWS /TLBID:1 /ENTRY:"main" /DYNAMICBASE /FIXED:NO /NXCOMPAT /MACHINE:X86 Release\app.res
         Release\AssemblyInfo.obj
         Release\FractalCount.obj
         Release\stdafx.obj
         "Release\.NETFramework,Version=v4.0.AssemblyAttributes.obj"
         FractalCount.vcxproj -> E:\C++\Fractal 2k17\FractalCount\FractalCount\Release\FractalCount.exe
       Manifest:
         C:\Program Files (x86)\Microsoft SDKs\Windows\v7.0A\bin\mt.exe /nologo /verbose /outputresource:"E:\C++\Fractal 2k17\FractalCount\FractalCount\Release\FractalCount.exe;#1" /manifest Release\FractalCount.exe.intermediate.manifest
       FinalizeBuildStatus:
         Файл "Release\FractalCount.unsuccessfulbuild" удаляется.
         Обращение к "Release\FractalCount.lastbuildstate".
     1>Построение проекта "E:\C++\Fractal 2k17\FractalCount\FractalCount\FractalCount\FractalCount.vcxproj" завершено (целевые объекты build).

Построение успешно завершено.

Затраченное время: 00:00:01.94
