E:\C++\FRACTAL 2K17\FRACTALCOUNT\FRACTALCOUNT\FRACTALCOUNT\RELEASE\.NETFRAMEWORK,VERSION=V4.0.ASSEMBLYATTRIBUTES.OBJ
E:\C++\FRACTAL 2K17\FRACTALCOUNT\FRACTALCOUNT\FRACTALCOUNT\RELEASE\APP.RES
E:\C++\FRACTAL 2K17\FRACTALCOUNT\FRACTALCOUNT\FRACTALCOUNT\RELEASE\ASSEMBLYINFO.OBJ
E:\C++\Fractal 2k17\FractalCount\FractalCount\FractalCount\Release\cl.command.1.tlog
E:\C++\Fractal 2k17\FractalCount\FractalCount\FractalCount\Release\CL.read.1.tlog
E:\C++\Fractal 2k17\FractalCount\FractalCount\FractalCount\Release\CL.write.1.tlog
E:\C++\FRACTAL 2K17\FRACTALCOUNT\FRACTALCOUNT\FRACTALCOUNT\RELEASE\FRACTALCOUNT.EXE.INTERMEDIATE.MANIFEST
E:\C++\Fractal 2k17\FractalCount\FractalCount\FractalCount\Release\FractalCount.Form1.resources
E:\C++\FRACTAL 2K17\FRACTALCOUNT\FRACTALCOUNT\FRACTALCOUNT\RELEASE\FRACTALCOUNT.OBJ
E:\C++\FRACTAL 2K17\FRACTALCOUNT\FRACTALCOUNT\FRACTALCOUNT\RELEASE\FRACTALCOUNT.PCH
E:\C++\Fractal 2k17\FractalCount\FractalCount\FractalCount\Release\FractalCount.vcxproj.GenerateResource.Cache
E:\C++\Fractal 2k17\FractalCount\FractalCount\FractalCount\Release\FractalCount.vcxprojResolveAssemblyReference.cache
E:\C++\Fractal 2k17\FractalCount\FractalCount\FractalCount\Release\FractalCount.write.1.tlog
E:\C++\Fractal 2k17\FractalCount\FractalCount\FractalCount\Release\link.command.1.tlog
E:\C++\Fractal 2k17\FractalCount\FractalCount\FractalCount\Release\link.read.1.tlog
E:\C++\Fractal 2k17\FractalCount\FractalCount\FractalCount\Release\link.write.1.tlog
E:\C++\Fractal 2k17\FractalCount\FractalCount\FractalCount\Release\link-cvtres.read.1.tlog
E:\C++\Fractal 2k17\FractalCount\FractalCount\FractalCount\Release\link-cvtres.write.1.tlog
E:\C++\Fractal 2k17\FractalCount\FractalCount\FractalCount\Release\metagen.read.1.tlog
E:\C++\Fractal 2k17\FractalCount\FractalCount\FractalCount\Release\metagen.write.1.tlog
E:\C++\Fractal 2k17\FractalCount\FractalCount\FractalCount\Release\mt.command.1.tlog
E:\C++\Fractal 2k17\FractalCount\FractalCount\FractalCount\Release\mt.read.1.tlog
E:\C++\Fractal 2k17\FractalCount\FractalCount\FractalCount\Release\mt.write.1.tlog
E:\C++\Fractal 2k17\FractalCount\FractalCount\FractalCount\Release\rc.command.1.tlog
E:\C++\Fractal 2k17\FractalCount\FractalCount\FractalCount\Release\rc.read.1.tlog
E:\C++\Fractal 2k17\FractalCount\FractalCount\FractalCount\Release\rc.write.1.tlog
E:\C++\FRACTAL 2K17\FRACTALCOUNT\FRACTALCOUNT\FRACTALCOUNT\RELEASE\STDAFX.OBJ
E:\C++\Fractal 2k17\FractalCount\FractalCount\FractalCount\Release\TZRES.DLL.bi
E:\C++\FRACTAL 2K17\FRACTALCOUNT\FRACTALCOUNT\FRACTALCOUNT\RELEASE\VC100.PDB
E:\C++\FRACTAL 2K17\FRACTALCOUNT\FRACTALCOUNT\RELEASE\FRACTALCOUNT.EXE
E:\C++\FRACTAL 2K17\FRACTALCOUNT\FRACTALCOUNT\RELEASE\FRACTALCOUNT.PDB
